[21:04:44] [main/INFO] [CrazyGUI]: \$RECYCLE.BIN
[21:04:44] [main/INFO] [CrazyGUI]: \AppData
[21:04:44] [main/INFO] [CrazyGUI]: \Apps
[21:04:44] [main/INFO] [CrazyGUI]: \AutoHotkey
[21:04:44] [main/INFO] [CrazyGUI]: \backups
[21:04:44] [main/INFO] [CrazyGUI]: \DDE Armor Calculator
[21:04:44] [main/INFO] [CrazyGUI]: \Documents
[21:04:44] [main/INFO] [CrazyGUI]: \Downloads
[21:04:44] [main/INFO] [CrazyGUI]: \Dragon Age Inquisition
[21:04:44] [main/INFO] [CrazyGUI]: \Dropbox
[21:04:44] [main/INFO] [CrazyGUI]: \eula.1028.txt
[21:04:44] [main/INFO] [CrazyGUI]: \eula.1031.txt
[21:04:44] [main/INFO] [CrazyGUI]: \eula.1033.txt
[21:04:44] [main/INFO] [CrazyGUI]: \eula.1036.txt
[21:04:44] [main/INFO] [CrazyGUI]: \eula.1040.txt
[21:04:44] [main/INFO] [CrazyGUI]: \eula.1041.txt
[21:04:44] [main/INFO] [CrazyGUI]: \eula.1042.txt
[21:04:44] [main/INFO] [CrazyGUI]: \eula.2052.txt
[21:04:44] [main/INFO] [CrazyGUI]: \eula.3082.txt
[21:04:44] [main/INFO] [CrazyGUI]: \Fable 3
[21:04:44] [main/INFO] [CrazyGUI]: \Fable Anniversary
[21:04:44] [main/INFO] [CrazyGUI]: \FTB
[21:04:44] [main/INFO] [CrazyGUI]: \FTBServer
[21:04:44] [main/INFO] [CrazyGUI]: \GamesMailRu
[21:04:44] [main/INFO] [CrazyGUI]: \globdata.ini
[21:04:44] [main/INFO] [CrazyGUI]: \gradle
[21:04:44] [main/INFO] [CrazyGUI]: \Grinding Gear Games
[21:04:44] [main/INFO] [CrazyGUI]: \Guild Wars 2
[21:04:44] [main/INFO] [CrazyGUI]: \install.exe
[21:04:44] [main/INFO] [CrazyGUI]: \install.ini
[21:04:44] [main/INFO] [CrazyGUI]: \install.res.1028.dll
[21:04:44] [main/INFO] [CrazyGUI]: \install.res.1031.dll
[21:04:44] [main/INFO] [CrazyGUI]: \install.res.1033.dll
[21:04:44] [main/INFO] [CrazyGUI]: \install.res.1036.dll
[21:04:44] [main/INFO] [CrazyGUI]: \install.res.1040.dll
[21:04:44] [main/INFO] [CrazyGUI]: \install.res.1041.dll
[21:04:44] [main/INFO] [CrazyGUI]: \install.res.1042.dll
[21:04:44] [main/INFO] [CrazyGUI]: \install.res.2052.dll
[21:04:44] [main/INFO] [CrazyGUI]: \install.res.3082.dll
[21:04:44] [main/INFO] [CrazyGUI]: \logs
[21:04:44] [main/INFO] [CrazyGUI]: \Mass Effect 3
[21:04:44] [main/INFO] [CrazyGUI]: \ME 2 Audio
[21:04:44] [main/INFO] [CrazyGUI]: \ME 3 Textures
[21:04:44] [main/INFO] [CrazyGUI]: \ME2 Textures
[21:04:44] [main/INFO] [CrazyGUI]: \Microsoft Visual Studio 10.0
[21:04:44] [main/INFO] [CrazyGUI]: \Microsoft Visual Studio 12.0
[21:04:44] [main/INFO] [CrazyGUI]: \Microsoft Visual Studio 14.0
[21:04:44] [main/INFO] [CrazyGUI]: \msdownld.tmp
[21:04:44] [main/INFO] [CrazyGUI]: \Music
[21:04:44] [main/INFO] [CrazyGUI]: \Origin Games
[21:04:44] [main/INFO] [CrazyGUI]: \Path of Exile
[21:04:44] [main/INFO] [CrazyGUI]: \Perforce
[21:04:44] [main/INFO] [CrazyGUI]: \Pictures
[21:04:44] [main/INFO] [CrazyGUI]: \PlayBns.com
[21:04:44] [main/INFO] [CrazyGUI]: \Psychonauts
[21:04:44] [main/INFO] [CrazyGUI]: \Saints Row Gat out of Hell
[21:04:44] [main/INFO] [CrazyGUI]: \Shared
[21:04:44] [main/INFO] [CrazyGUI]: \Sid Meier's Civilization Beyond Earth
[21:04:44] [main/INFO] [CrazyGUI]: \stuff
[21:04:44] [main/INFO] [CrazyGUI]: \System Volume Information
[21:04:44] [main/INFO] [CrazyGUI]: \temp
[21:04:44] [main/INFO] [CrazyGUI]: \Unreal4
[21:04:44] [main/INFO] [CrazyGUI]: \vcredist.bmp
[21:04:44] [main/INFO] [CrazyGUI]: \VC_RED.cab
[21:04:44] [main/INFO] [CrazyGUI]: \VC_RED.MSI
[21:04:44] [main/INFO] [CrazyGUI]: \Videos
[21:04:44] [main/INFO] [CrazyGUI]: \Virtual HDDs
[21:04:44] [main/INFO] [CrazyGUI]: \World of Warcraft
[21:04:44] [main/INFO] [CrazyGUI]: \xampp
[21:05:19] [main/INFO] [CrazyGUI]: .gradle
[21:05:19] [main/INFO] [CrazyGUI]: build
[21:05:19] [main/INFO] [CrazyGUI]: build.gradle
[21:05:19] [main/INFO] [CrazyGUI]: CrazyGUI.iml
[21:05:19] [main/INFO] [CrazyGUI]: CrazyGUI.ipr
[21:05:19] [main/INFO] [CrazyGUI]: CrazyGUI.iws
[21:05:19] [main/INFO] [CrazyGUI]: eclipse
[21:05:19] [main/INFO] [CrazyGUI]: gradle
[21:05:19] [main/INFO] [CrazyGUI]: gradlew
[21:05:19] [main/INFO] [CrazyGUI]: gradlew.bat
[21:05:19] [main/INFO] [CrazyGUI]: logs
[21:05:19] [main/INFO] [CrazyGUI]: out
[21:05:19] [main/INFO] [CrazyGUI]: src
[21:07:57] [main/INFO] [CrazyGUI]: .gradle
[21:07:57] [main/INFO] [CrazyGUI]: build
[21:07:57] [main/INFO] [CrazyGUI]: build.gradle
[21:07:57] [main/INFO] [CrazyGUI]: CrazyGUI.iml
[21:07:57] [main/INFO] [CrazyGUI]: CrazyGUI.ipr
[21:07:57] [main/INFO] [CrazyGUI]: CrazyGUI.iws
[21:07:57] [main/INFO] [CrazyGUI]: eclipse
[21:07:57] [main/INFO] [CrazyGUI]: gradle
[21:07:57] [main/INFO] [CrazyGUI]: gradlew
[21:07:57] [main/INFO] [CrazyGUI]: gradlew.bat
[21:07:57] [main/INFO] [CrazyGUI]: logs
[21:07:57] [main/INFO] [CrazyGUI]: out
[21:07:57] [main/INFO] [CrazyGUI]: src
[21:18:44] [main/INFO] [CrazyGUI]: .gradle
[21:18:44] [main/INFO] [CrazyGUI]: build
[21:18:44] [main/INFO] [CrazyGUI]: build.gradle
[21:18:44] [main/INFO] [CrazyGUI]: CrazyGUI.iml
[21:18:44] [main/INFO] [CrazyGUI]: CrazyGUI.ipr
[21:18:44] [main/INFO] [CrazyGUI]: CrazyGUI.iws
[21:18:44] [main/INFO] [CrazyGUI]: eclipse
[21:18:44] [main/INFO] [CrazyGUI]: gradle
[21:18:44] [main/INFO] [CrazyGUI]: gradlew
[21:18:44] [main/INFO] [CrazyGUI]: gradlew.bat
[21:18:44] [main/INFO] [CrazyGUI]: logs
[21:18:44] [main/INFO] [CrazyGUI]: out
[21:18:44] [main/INFO] [CrazyGUI]: src
[21:19:48] [main/INFO] [CrazyGUI]: .gradle
[21:19:48] [main/INFO] [CrazyGUI]: build
[21:19:48] [main/INFO] [CrazyGUI]: build.gradle
[21:19:48] [main/INFO] [CrazyGUI]: CrazyGUI.iml
[21:19:48] [main/INFO] [CrazyGUI]: CrazyGUI.ipr
[21:19:48] [main/INFO] [CrazyGUI]: CrazyGUI.iws
[21:19:48] [main/INFO] [CrazyGUI]: eclipse
[21:19:48] [main/INFO] [CrazyGUI]: gradle
[21:19:48] [main/INFO] [CrazyGUI]: gradlew
[21:19:48] [main/INFO] [CrazyGUI]: gradlew.bat
[21:19:48] [main/INFO] [CrazyGUI]: logs
[21:19:48] [main/INFO] [CrazyGUI]: out
[21:19:48] [main/INFO] [CrazyGUI]: src
[21:20:26] [main/INFO] [CrazyGUI]: .gradle
[21:20:26] [main/INFO] [CrazyGUI]: build
[21:20:26] [main/INFO] [CrazyGUI]: build.gradle
[21:20:26] [main/INFO] [CrazyGUI]: CrazyGUI.iml
[21:20:26] [main/INFO] [CrazyGUI]: CrazyGUI.ipr
[21:20:26] [main/INFO] [CrazyGUI]: CrazyGUI.iws
[21:20:26] [main/INFO] [CrazyGUI]: eclipse
[21:20:26] [main/INFO] [CrazyGUI]: gradle
[21:20:26] [main/INFO] [CrazyGUI]: gradlew
[21:20:26] [main/INFO] [CrazyGUI]: gradlew.bat
[21:20:26] [main/INFO] [CrazyGUI]: logs
[21:20:26] [main/INFO] [CrazyGUI]: out
[21:20:26] [main/INFO] [CrazyGUI]: src
[21:20:51] [main/INFO] [CrazyGUI]: src\main\resources\assets\masseffectships
[21:21:12] [main/INFO] [CrazyGUI]: src\main\resources\assets\masseffectships\gui
[21:21:14] [main/INFO] [CrazyGUI]: src\main\resources\assets\masseffectships\gui\electrolyzer.xml
[21:21:35] [main/INFO] [CrazyGUI]: .gradle
[21:21:35] [main/INFO] [CrazyGUI]: build
[21:21:35] [main/INFO] [CrazyGUI]: build.gradle
[21:21:35] [main/INFO] [CrazyGUI]: CrazyGUI.iml
[21:21:35] [main/INFO] [CrazyGUI]: CrazyGUI.ipr
[21:21:35] [main/INFO] [CrazyGUI]: CrazyGUI.iws
[21:21:35] [main/INFO] [CrazyGUI]: eclipse
[21:21:35] [main/INFO] [CrazyGUI]: gradle
[21:21:35] [main/INFO] [CrazyGUI]: gradlew
[21:21:35] [main/INFO] [CrazyGUI]: gradlew.bat
[21:21:35] [main/INFO] [CrazyGUI]: logs
[21:21:35] [main/INFO] [CrazyGUI]: out
[21:21:35] [main/INFO] [CrazyGUI]: src
[21:21:56] [main/INFO] [CrazyGUI]: src\main\resources\assets\masseffectships
[21:22:38] [main/INFO] [CrazyGUI]: .gradle
[21:22:38] [main/INFO] [CrazyGUI]: build
[21:22:38] [main/INFO] [CrazyGUI]: build.gradle
[21:22:38] [main/INFO] [CrazyGUI]: CrazyGUI.iml
[21:22:38] [main/INFO] [CrazyGUI]: CrazyGUI.ipr
[21:22:38] [main/INFO] [CrazyGUI]: CrazyGUI.iws
[21:22:38] [main/INFO] [CrazyGUI]: eclipse
[21:22:38] [main/INFO] [CrazyGUI]: gradle
[21:22:38] [main/INFO] [CrazyGUI]: gradlew
[21:22:38] [main/INFO] [CrazyGUI]: gradlew.bat
[21:22:38] [main/INFO] [CrazyGUI]: logs
[21:22:38] [main/INFO] [CrazyGUI]: out
[21:22:38] [main/INFO] [CrazyGUI]: src
[21:23:25] [main/INFO] [CrazyGUI]: .gradle
[21:23:25] [main/INFO] [CrazyGUI]: build
[21:23:25] [main/INFO] [CrazyGUI]: build.gradle
[21:23:25] [main/INFO] [CrazyGUI]: CrazyGUI.iml
[21:23:25] [main/INFO] [CrazyGUI]: CrazyGUI.ipr
[21:23:25] [main/INFO] [CrazyGUI]: CrazyGUI.iws
[21:23:25] [main/INFO] [CrazyGUI]: eclipse
[21:23:25] [main/INFO] [CrazyGUI]: gradle
[21:23:25] [main/INFO] [CrazyGUI]: gradlew
[21:23:25] [main/INFO] [CrazyGUI]: gradlew.bat
[21:23:25] [main/INFO] [CrazyGUI]: logs
[21:23:25] [main/INFO] [CrazyGUI]: out
[21:23:25] [main/INFO] [CrazyGUI]: src
[21:25:50] [main/INFO] [CrazyGUI]: .gradle
[21:25:50] [main/INFO] [CrazyGUI]: build
[21:25:50] [main/INFO] [CrazyGUI]: build.gradle
[21:25:50] [main/INFO] [CrazyGUI]: CrazyGUI.iml
[21:25:50] [main/INFO] [CrazyGUI]: CrazyGUI.ipr
[21:25:50] [main/INFO] [CrazyGUI]: CrazyGUI.iws
[21:25:50] [main/INFO] [CrazyGUI]: eclipse
[21:25:50] [main/INFO] [CrazyGUI]: gradle
[21:25:50] [main/INFO] [CrazyGUI]: gradlew
[21:25:50] [main/INFO] [CrazyGUI]: gradlew.bat
[21:25:50] [main/INFO] [CrazyGUI]: logs
[21:25:50] [main/INFO] [CrazyGUI]: out
[21:25:50] [main/INFO] [CrazyGUI]: src
[21:26:00] [main/INFO] [CrazyGUI]: src\main\resources\assets\masseffectships\gui\electrolyzer.xml
[21:26:07] [main/INFO] [CrazyGUI]: package com.octagon.airships.client.gui.test;

import net.minecraft.inventory.IInventory;
import net.minecraft.inventory.Slot;
import com.octagon.airships.client.gui.*;
import com.octagon.airships.client.gui.slots.*;
import com.octagon.airships.client.gui.components.*;
import com.octagon.airships.block.tileentity.*;
import openmods.gui.component.BaseComposite;

public class AbstractGuiElectrolyzer extends GuiAirshipsContainer<AbstractGuiElectrolyzer.Container> {
protected GuiComponentEnergyGauge energyBar;
protected GuiComponentFluidGauge inputTank;
protected GuiComponentFluidGauge outputTank1;
protected GuiComponentFluidGauge outputTank2;

public AbstractGuiElectrolyzer(Container container) {
super(container, 176, 166, "electrolyzer");
init(container, createRoot());
}

public void init(Container container, BaseComposite root) {
TileEntityElectrolyzer tileEntity = container.getOwner();
energyBar = new GuiComponentEnergyGauge(9, 8);
energyBar.setHeight(42);
energyBar.setEnergyStorage(tileEntity.getEnergyStorage());
root.addComponent(energyBar);

inputTank = new GuiComponentFluidGauge(63, 8);
inputTank.setWidth(14);
inputTank.setHeight(42);
inputTank.setTank(tileEntity.getInputTank());
root.addComponent(inputTank);

outputTank1 = new GuiComponentFluidGauge(117, 8);
outputTank1.setWidth(14);
outputTank1.setHeight(20);
outputTank1.setTank(tileEntity.getOutputTank1());
root.addComponent(outputTank1);

outputTank2 = new GuiComponentFluidGauge(117, 30);
outputTank2.setWidth(14);
outputTank2.setHeight(20);
outputTank2.setTank(tileEntity.getOutputTank2());
root.addComponent(outputTank2);

postInit(root);
}

public void postInit(BaseComposite root) {}

public class Container extends CrazyContainer<TileEntityElectrolyzer> {
public Container(IInventory playerInventory, TileEntityElectrolyzer owner) {
super(playerInventory, owner.getInventory(), owner);
addSlotToContainer(new SlotBattery(owner.getInventory(), 0, 8, 53));
addSlotToContainer(new SlotLiquidContainer(owner.getInventory(), 1, 61, 52));
addSlotToContainer(new SlotLiquidContainer(owner.getInventory(), 2, 30, 40));
addPlayerInventorySlots(8, 84);
}
}
}

